<?xml version="1.0" encoding="UTF-8"?>
<coverage generated="1673447059314" clover="3.2.0">
  <project timestamp="1673447059314" name="All files">
    <metrics statements="56" coveredstatements="51" conditionals="16" coveredconditionals="12" methods="8" coveredmethods="8" elements="80" coveredelements="71" complexity="0" loc="56" ncloc="56" packages="1" files="1" classes="1"/>
    <file name="Snail.js" path="C:\testClonning\snailArrayTechnicalTest\Snail.js">
      <metrics statements="56" coveredstatements="51" conditionals="16" coveredconditionals="12" methods="8" coveredmethods="8"/>
      <line num="7" count="5" type="stmt"/>
      <line num="13" count="5" type="cond" truecount="3" falsecount="1"/>
      <line num="14" count="5" type="stmt"/>
      <line num="15" count="5" type="stmt"/>
      <line num="16" count="25" type="stmt"/>
      <line num="19" count="0" type="stmt"/>
      <line num="23" count="1" type="stmt"/>
      <line num="24" count="1" type="cond" truecount="1" falsecount="1"/>
      <line num="25" count="1" type="stmt"/>
      <line num="26" count="1" type="stmt"/>
      <line num="27" count="1" type="stmt"/>
      <line num="28" count="5" type="stmt"/>
      <line num="31" count="1" type="stmt"/>
      <line num="33" count="3" type="stmt"/>
      <line num="35" count="3" type="cond" truecount="2" falsecount="0"/>
      <line num="36" count="2" type="stmt"/>
      <line num="37" count="2" type="stmt"/>
      <line num="40" count="3" type="cond" truecount="2" falsecount="0"/>
      <line num="41" count="2" type="stmt"/>
      <line num="42" count="3" type="stmt"/>
      <line num="44" count="1" type="stmt"/>
      <line num="45" count="1" type="stmt"/>
      <line num="48" count="0" type="stmt"/>
      <line num="49" count="0" type="stmt"/>
      <line num="54" count="4" type="stmt"/>
      <line num="55" count="4" type="stmt"/>
      <line num="56" count="5" type="stmt"/>
      <line num="58" count="4" type="stmt"/>
      <line num="59" count="10" type="stmt"/>
      <line num="63" count="3" type="stmt"/>
      <line num="64" count="3" type="stmt"/>
      <line num="65" count="4" type="cond" truecount="2" falsecount="0"/>
      <line num="66" count="3" type="stmt"/>
      <line num="67" count="1" type="cond" truecount="1" falsecount="1"/>
      <line num="68" count="1" type="stmt"/>
      <line num="70" count="0" type="stmt"/>
      <line num="73" count="3" type="stmt"/>
      <line num="74" count="10" type="stmt"/>
      <line num="78" count="3" type="stmt"/>
      <line num="79" count="3" type="stmt"/>
      <line num="80" count="1" type="stmt"/>
      <line num="82" count="3" type="stmt"/>
      <line num="83" count="10" type="stmt"/>
      <line num="88" count="3" type="stmt"/>
      <line num="89" count="3" type="stmt"/>
      <line num="90" count="1" type="stmt"/>
      <line num="92" count="3" type="stmt"/>
      <line num="93" count="7" type="stmt"/>
      <line num="97" count="1" type="stmt"/>
      <line num="98" count="1" type="stmt"/>
      <line num="99" count="1" type="stmt"/>
      <line num="100" count="5" type="stmt"/>
      <line num="101" count="25" type="stmt"/>
      <line num="103" count="5" type="stmt"/>
      <line num="105" count="1" type="cond" truecount="1" falsecount="1"/>
      <line num="106" count="0" type="stmt"/>
    </file>
  </project>
</coverage>
