{"C:\\testClonning\\snailArrayTechnicalTest\\Snail.js": {"path":"C:\\testClonning\\snailArrayTechnicalTest\\Snail.js","statementMap":{"0":{"start":{"line":7,"column":4},"end":{"line":7,"column":30}},"1":{"start":{"line":13,"column":4},"end":{"line":20,"column":5}},"2":{"start":{"line":14,"column":6},"end":{"line":14,"column":46}},"3":{"start":{"line":15,"column":6},"end":{"line":17,"column":7}},"4":{"start":{"line":15,"column":19},"end":{"line":15,"column":20}},"5":{"start":{"line":16,"column":8},"end":{"line":16,"column":51}},"6":{"start":{"line":19,"column":6},"end":{"line":19,"column":19}},"7":{"start":{"line":23,"column":12},"end":{"line":23,"column":29}},"8":{"start":{"line":24,"column":4},"end":{"line":50,"column":5}},"9":{"start":{"line":25,"column":26},"end":{"line":25,"column":27}},"10":{"start":{"line":26,"column":16},"end":{"line":26,"column":32}},"11":{"start":{"line":27,"column":6},"end":{"line":29,"column":7}},"12":{"start":{"line":27,"column":19},"end":{"line":27,"column":20}},"13":{"start":{"line":28,"column":8},"end":{"line":28,"column":34}},"14":{"start":{"line":31,"column":6},"end":{"line":43,"column":7}},"15":{"start":{"line":31,"column":19},"end":{"line":31,"column":20}},"16":{"start":{"line":33,"column":8},"end":{"line":33,"column":42}},"17":{"start":{"line":35,"column":8},"end":{"line":38,"column":9}},"18":{"start":{"line":36,"column":10},"end":{"line":36,"column":47}},"19":{"start":{"line":37,"column":10},"end":{"line":37,"column":47}},"20":{"start":{"line":40,"column":8},"end":{"line":41,"column":43}},"21":{"start":{"line":41,"column":8},"end":{"line":41,"column":43}},"22":{"start":{"line":42,"column":8},"end":{"line":42,"column":24}},"23":{"start":{"line":44,"column":6},"end":{"line":44,"column":32}},"24":{"start":{"line":45,"column":6},"end":{"line":45,"column":18}},"25":{"start":{"line":48,"column":6},"end":{"line":48,"column":106}},"26":{"start":{"line":49,"column":6},"end":{"line":49,"column":56}},"27":{"start":{"line":54,"column":20},"end":{"line":54,"column":21}},"28":{"start":{"line":55,"column":4},"end":{"line":57,"column":5}},"29":{"start":{"line":55,"column":17},"end":{"line":55,"column":18}},"30":{"start":{"line":56,"column":6},"end":{"line":56,"column":55}},"31":{"start":{"line":58,"column":4},"end":{"line":60,"column":5}},"32":{"start":{"line":58,"column":17},"end":{"line":58,"column":18}},"33":{"start":{"line":59,"column":6},"end":{"line":59,"column":64}},"34":{"start":{"line":63,"column":20},"end":{"line":63,"column":21}},"35":{"start":{"line":64,"column":4},"end":{"line":71,"column":5}},"36":{"start":{"line":64,"column":17},"end":{"line":64,"column":18}},"37":{"start":{"line":65,"column":6},"end":{"line":70,"column":49}},"38":{"start":{"line":66,"column":8},"end":{"line":66,"column":31}},"39":{"start":{"line":67,"column":11},"end":{"line":70,"column":49}},"40":{"start":{"line":68,"column":8},"end":{"line":68,"column":45}},"41":{"start":{"line":70,"column":8},"end":{"line":70,"column":49}},"42":{"start":{"line":73,"column":4},"end":{"line":75,"column":5}},"43":{"start":{"line":73,"column":17},"end":{"line":73,"column":18}},"44":{"start":{"line":74,"column":6},"end":{"line":74,"column":77}},"45":{"start":{"line":78,"column":20},"end":{"line":78,"column":21}},"46":{"start":{"line":79,"column":4},"end":{"line":81,"column":5}},"47":{"start":{"line":79,"column":17},"end":{"line":79,"column":18}},"48":{"start":{"line":80,"column":6},"end":{"line":80,"column":43}},"49":{"start":{"line":82,"column":4},"end":{"line":84,"column":5}},"50":{"start":{"line":82,"column":17},"end":{"line":82,"column":18}},"51":{"start":{"line":83,"column":6},"end":{"line":83,"column":114}},"52":{"start":{"line":88,"column":20},"end":{"line":88,"column":21}},"53":{"start":{"line":89,"column":4},"end":{"line":91,"column":5}},"54":{"start":{"line":89,"column":17},"end":{"line":89,"column":18}},"55":{"start":{"line":90,"column":6},"end":{"line":90,"column":47}},"56":{"start":{"line":92,"column":4},"end":{"line":94,"column":5}},"57":{"start":{"line":92,"column":17},"end":{"line":92,"column":18}},"58":{"start":{"line":93,"column":6},"end":{"line":93,"column":98}},"59":{"start":{"line":97,"column":12},"end":{"line":97,"column":22}},"60":{"start":{"line":98,"column":25},"end":{"line":98,"column":27}},"61":{"start":{"line":99,"column":4},"end":{"line":104,"column":5}},"62":{"start":{"line":99,"column":17},"end":{"line":99,"column":18}},"63":{"start":{"line":100,"column":6},"end":{"line":102,"column":7}},"64":{"start":{"line":100,"column":19},"end":{"line":100,"column":20}},"65":{"start":{"line":101,"column":8},"end":{"line":101,"column":45}},"66":{"start":{"line":103,"column":6},"end":{"line":103,"column":35}},"67":{"start":{"line":105,"column":4},"end":{"line":106,"column":74}},"68":{"start":{"line":106,"column":6},"end":{"line":106,"column":74}}},"fnMap":{"0":{"name":"(anonymous_0)","decl":{"start":{"line":6,"column":2},"end":{"line":6,"column":3}},"loc":{"start":{"line":6,"column":27},"end":{"line":8,"column":3}},"line":6},"1":{"name":"(anonymous_1)","decl":{"start":{"line":12,"column":2},"end":{"line":12,"column":3}},"loc":{"start":{"line":12,"column":28},"end":{"line":21,"column":3}},"line":12},"2":{"name":"(anonymous_2)","decl":{"start":{"line":22,"column":2},"end":{"line":22,"column":3}},"loc":{"start":{"line":22,"column":10},"end":{"line":51,"column":3}},"line":22},"3":{"name":"(anonymous_3)","decl":{"start":{"line":53,"column":2},"end":{"line":53,"column":3}},"loc":{"start":{"line":53,"column":35},"end":{"line":61,"column":3}},"line":53},"4":{"name":"(anonymous_4)","decl":{"start":{"line":62,"column":2},"end":{"line":62,"column":3}},"loc":{"start":{"line":62,"column":34},"end":{"line":76,"column":3}},"line":62},"5":{"name":"(anonymous_5)","decl":{"start":{"line":77,"column":2},"end":{"line":77,"column":3}},"loc":{"start":{"line":77,"column":34},"end":{"line":85,"column":3}},"line":77},"6":{"name":"(anonymous_6)","decl":{"start":{"line":87,"column":2},"end":{"line":87,"column":3}},"loc":{"start":{"line":87,"column":32},"end":{"line":95,"column":3}},"line":87},"7":{"name":"(anonymous_7)","decl":{"start":{"line":96,"column":2},"end":{"line":96,"column":3}},"loc":{"start":{"line":96,"column":23},"end":{"line":107,"column":3}},"line":96}},"branchMap":{"0":{"loc":{"start":{"line":13,"column":4},"end":{"line":20,"column":5}},"type":"if","locations":[{"start":{"line":13,"column":4},"end":{"line":20,"column":5}},{"start":{"line":18,"column":9},"end":{"line":20,"column":5}}],"line":13},"1":{"loc":{"start":{"line":13,"column":8},"end":{"line":13,"column":56}},"type":"binary-expr","locations":[{"start":{"line":13,"column":8},"end":{"line":13,"column":23}},{"start":{"line":13,"column":27},"end":{"line":13,"column":56}}],"line":13},"2":{"loc":{"start":{"line":24,"column":4},"end":{"line":50,"column":5}},"type":"if","locations":[{"start":{"line":24,"column":4},"end":{"line":50,"column":5}},{"start":{"line":47,"column":9},"end":{"line":50,"column":5}}],"line":24},"3":{"loc":{"start":{"line":35,"column":8},"end":{"line":38,"column":9}},"type":"if","locations":[{"start":{"line":35,"column":8},"end":{"line":38,"column":9}},{"start":{},"end":{}}],"line":35},"4":{"loc":{"start":{"line":40,"column":8},"end":{"line":41,"column":43}},"type":"if","locations":[{"start":{"line":40,"column":8},"end":{"line":41,"column":43}},{"start":{},"end":{}}],"line":40},"5":{"loc":{"start":{"line":65,"column":6},"end":{"line":70,"column":49}},"type":"if","locations":[{"start":{"line":65,"column":6},"end":{"line":70,"column":49}},{"start":{"line":67,"column":11},"end":{"line":70,"column":49}}],"line":65},"6":{"loc":{"start":{"line":67,"column":11},"end":{"line":70,"column":49}},"type":"if","locations":[{"start":{"line":67,"column":11},"end":{"line":70,"column":49}},{"start":{"line":70,"column":8},"end":{"line":70,"column":49}}],"line":67},"7":{"loc":{"start":{"line":105,"column":4},"end":{"line":106,"column":74}},"type":"if","locations":[{"start":{"line":105,"column":4},"end":{"line":106,"column":74}},{"start":{},"end":{}}],"line":105}},"s":{"0":5,"1":5,"2":5,"3":5,"4":5,"5":25,"6":0,"7":1,"8":1,"9":1,"10":1,"11":1,"12":1,"13":5,"14":1,"15":1,"16":3,"17":3,"18":2,"19":2,"20":3,"21":2,"22":3,"23":1,"24":1,"25":0,"26":0,"27":4,"28":4,"29":4,"30":5,"31":4,"32":4,"33":10,"34":3,"35":3,"36":3,"37":4,"38":3,"39":1,"40":1,"41":0,"42":3,"43":3,"44":10,"45":3,"46":3,"47":3,"48":1,"49":3,"50":3,"51":10,"52":3,"53":3,"54":3,"55":1,"56":3,"57":3,"58":7,"59":1,"60":1,"61":1,"62":1,"63":5,"64":5,"65":25,"66":5,"67":1,"68":0},"f":{"0":5,"1":5,"2":1,"3":4,"4":3,"5":3,"6":3,"7":1},"b":{"0":[5,0],"1":[5,5],"2":[1,0],"3":[2,1],"4":[2,1],"5":[3,1],"6":[1,0],"7":[0,1]},"_coverageSchema":"1a1c01bbd47fc00a2c39e90264f33305004495a9","hash":"bb1d3316475717edd22912a7070952a47311eb4b"}
}
