TN:
SF:Snail.js
FN:6,(anonymous_0)
FN:12,(anonymous_1)
FN:22,(anonymous_2)
FN:53,(anonymous_3)
FN:62,(anonymous_4)
FN:77,(anonymous_5)
FN:87,(anonymous_6)
FN:96,(anonymous_7)
FNF:8
FNH:8
FNDA:5,(anonymous_0)
FNDA:5,(anonymous_1)
FNDA:1,(anonymous_2)
FNDA:4,(anonymous_3)
FNDA:3,(anonymous_4)
FNDA:3,(anonymous_5)
FNDA:3,(anonymous_6)
FNDA:1,(anonymous_7)
DA:7,5
DA:13,5
DA:14,5
DA:15,5
DA:16,25
DA:19,0
DA:23,1
DA:24,1
DA:25,1
DA:26,1
DA:27,1
DA:28,5
DA:31,1
DA:33,3
DA:35,3
DA:36,2
DA:37,2
DA:40,3
DA:41,2
DA:42,3
DA:44,1
DA:45,1
DA:48,0
DA:49,0
DA:54,4
DA:55,4
DA:56,5
DA:58,4
DA:59,10
DA:63,3
DA:64,3
DA:65,4
DA:66,3
DA:67,1
DA:68,1
DA:70,0
DA:73,3
DA:74,10
DA:78,3
DA:79,3
DA:80,1
DA:82,3
DA:83,10
DA:88,3
DA:89,3
DA:90,1
DA:92,3
DA:93,7
DA:97,1
DA:98,1
DA:99,1
DA:100,5
DA:101,25
DA:103,5
DA:105,1
DA:106,0
LF:56
LH:51
BRDA:13,0,0,5
BRDA:13,0,1,0
BRDA:13,1,0,5
BRDA:13,1,1,5
BRDA:24,2,0,1
BRDA:24,2,1,0
BRDA:35,3,0,2
BRDA:35,3,1,1
BRDA:40,4,0,2
BRDA:40,4,1,1
BRDA:65,5,0,3
BRDA:65,5,1,1
BRDA:67,6,0,1
BRDA:67,6,1,0
BRDA:105,7,0,0
BRDA:105,7,1,1
BRF:16
BRH:12
end_of_record
